[2023-02-15 13:17:37]	[INFO]	csrf: csrf63ec79015a656
[2023-02-15 13:17:37]	[INFO]	cookie: {'s52844364': 'mn2j8guui0c7047o0br0mpipl4'}
[2023-02-15 13:17:38]	[INFO]	0: {"code":0,"info":"ดำเนินการเสร็จสิ้น","id":"530"}
[2023-02-15 13:17:39]	[INFO]	csrf: csrf63ec7902eb891
[2023-02-15 13:17:39]	[INFO]	cookie: {'s52844364': '2mqlb89308412bj6a9d70hsvm4'}
[2023-02-15 13:17:39]	[INFO]	1: {"code":0,"info":"ดำเนินการเสร็จสิ้น","id":"531"}
[2023-02-15 13:17:40]	[INFO]	csrf: csrf63ec79047b6ad
[2023-02-15 13:17:40]	[INFO]	cookie: {'s52844364': '9fnto5g02ild6h6lamad7b6n3p'}
[2023-02-15 13:17:41]	[INFO]	2: {"code":0,"info":"ดำเนินการเสร็จสิ้น","id":"532"}
[2023-02-15 13:17:42]	[INFO]	csrf: csrf63ec790602edb
[2023-02-15 13:17:42]	[INFO]	cookie: {'s52844364': 'pktbfh8706lkossgjunghcjaab'}
[2023-02-15 13:17:42]	[INFO]	3: {"code":0,"info":"ดำเนินการเสร็จสิ้น","id":"533"}
[2023-02-15 13:17:43]	[INFO]	csrf: csrf63ec79078c178
[2023-02-15 13:17:43]	[INFO]	cookie: {'s52844364': 'tvjfgjrsbbrologr5mkvjpb6d4'}
[2023-02-15 13:17:44]	[INFO]	4: {"code":1,"info":"สิ้นสุดการสั่งซื้อ"}
[2023-02-15 13:17:45]	[INFO]	csrf: csrf63ec7909088cb
[2023-02-15 13:17:45]	[INFO]	cookie: {'s52844364': '5fqo30d8n5ak2pqd741esnvkff'}
[2023-02-15 13:17:45]	[INFO]	5: {"code":1,"info":"สิ้นสุดการสั่งซื้อ"}
[2023-02-15 13:17:46]	[INFO]	csrf: csrf63ec790a8e65f
[2023-02-15 13:17:46]	[INFO]	cookie: {'s52844364': 'i3btuftmf3jqjtskha8sf3p1u2'}
[2023-02-15 13:17:47]	[INFO]	6: {"code":1,"info":"สิ้นสุดการสั่งซื้อ"}
[2023-02-15 13:17:48]	[INFO]	csrf: csrf63ec790c0cc07
[2023-02-15 13:17:48]	[INFO]	cookie: {'s52844364': 'ma51c1bfo9402caovgalbdvj1i'}
[2023-02-15 13:17:48]	[INFO]	7: {"code":1,"info":"สิ้นสุดการสั่งซื้อ"}
[2023-02-15 13:17:49]	[INFO]	csrf: csrf63ec790d8bf56
[2023-02-15 13:17:49]	[INFO]	cookie: {'s52844364': '28eoj59td8ij9ali1nrshmh1hq'}
[2023-02-15 13:17:50]	[INFO]	8: {"code":1,"info":"สิ้นสุดการสั่งซื้อ"}
[2023-02-15 13:17:51]	[INFO]	csrf: csrf63ec790ef0f61
[2023-02-15 13:17:51]	[INFO]	cookie: {'s52844364': '3fnkcf5gsielpi9kjs3nipaqki'}
[2023-02-15 13:17:51]	[INFO]	9: {"code":1,"info":"สิ้นสุดการสั่งซื้อ"}
[2023-02-15 13:17:52]	[INFO]	csrf: csrf63ec7910720ba
[2023-02-15 13:17:52]	[INFO]	cookie: {'s52844364': 'dl1n2oi3soaib1phic66ppbbur'}
[2023-02-15 13:17:53]	[INFO]	10: {"code":1,"info":"สิ้นสุดการสั่งซื้อ"}
[2023-02-15 13:17:53]	[INFO]	csrf: csrf63ec7911ddab0
[2023-02-15 13:17:53]	[INFO]	cookie: {'s52844364': 'p0f1oqi8ndm08mo4glha11p3no'}
[2023-02-15 13:17:54]	[INFO]	11: {"code":1,"info":"สิ้นสุดการสั่งซื้อ"}
[2023-02-15 13:17:55]	[INFO]	csrf: csrf63ec791357ae1
[2023-02-15 13:17:55]	[INFO]	cookie: {'s52844364': 'nl507j336ueupl42cundrgor5h'}
[2023-02-15 13:17:56]	[INFO]	12: {"code":1,"info":"สิ้นสุดการสั่งซื้อ"}
[2023-02-15 13:17:56]	[INFO]	csrf: csrf63ec7914c25c5
[2023-02-15 13:17:56]	[INFO]	cookie: {'s52844364': 'mhtkkgdrp9do9tpmhib0dss4l3'}
[2023-02-15 13:17:57]	[INFO]	13: {"code":1,"info":"สิ้นสุดการสั่งซื้อ"}
[2023-02-15 13:17:58]	[INFO]	csrf: csrf63ec791654071
[2023-02-15 13:17:58]	[INFO]	cookie: {'s52844364': 'rputldhprogt381203v5snula5'}
[2023-02-15 13:17:59]	[INFO]	14: {"code":1,"info":"สิ้นสุดการสั่งซื้อ"}
[2023-02-15 13:17:59]	[INFO]	csrf: csrf63ec7917ced63
[2023-02-15 13:17:59]	[INFO]	cookie: {'s52844364': 'flus05q0n1n6cn4u8lot7h00mj'}
[2023-02-15 13:18:00]	[INFO]	15: {"code":1,"info":"สิ้นสุดการสั่งซื้อ"}
[2023-02-15 13:18:01]	[INFO]	csrf: csrf63ec79195bd43
[2023-02-15 13:18:01]	[INFO]	cookie: {'s52844364': '1uqb07amh7qkbe939oqmibua04'}
[2023-02-15 13:18:04]	[INFO]	csrf: csrf63ec791c22336
[2023-02-15 13:18:04]	[INFO]	cookie: {'s52844364': 'is23di1i76vmn42khvhrmio37v'}
[2023-02-15 13:18:04]	[INFO]	0: {"code":1,"info":"ไม่มีบัญชีนี้"}
[2023-02-15 13:18:05]	[INFO]	csrf: csrf63ec791d99392
[2023-02-15 13:18:05]	[INFO]	cookie: {'s52844364': 'ud8fjoj3p5c4joghcoscah0g5u'}
[2023-02-15 13:18:06]	[INFO]	1: {"code":1,"info":"ไม่มีบัญชีนี้"}
[2023-02-15 13:18:07]	[INFO]	csrf: csrf63ec791f25290
[2023-02-15 13:18:07]	[INFO]	cookie: {'s52844364': 'mhfh86bp09e970lkhb08k714bk'}
[2023-02-15 13:18:07]	[INFO]	2: {"code":1,"info":"ไม่มีบัญชีนี้"}
[2023-02-15 13:18:08]	[INFO]	csrf: csrf63ec7920a28e1
[2023-02-15 13:18:08]	[INFO]	cookie: {'s52844364': 'guo1thjh5p0irgo5g5ck1sdlu4'}
[2023-02-15 13:18:09]	[INFO]	3: {"code":1,"info":"ไม่มีบัญชีนี้"}
[2023-02-15 13:18:10]	[INFO]	csrf: csrf63ec7922215b1
[2023-02-15 13:18:10]	[INFO]	cookie: {'s52844364': '9j0ca9kbdn44odds226q6lnn0o'}
[2023-02-15 13:18:10]	[INFO]	4: {"code":1,"info":"สิ้นสุดการสั่งซื้อ"}
[2023-02-15 13:18:11]	[INFO]	csrf: csrf63ec79239ae7d
[2023-02-15 13:18:11]	[INFO]	cookie: {'s52844364': 'mqr91po230a42ot37gj9arp6vu'}
[2023-02-15 13:18:12]	[INFO]	5: {"code":1,"info":"สิ้นสุดการสั่งซื้อ"}
[2023-02-15 13:18:13]	[INFO]	csrf: csrf63ec79252a419
[2023-02-15 13:18:13]	[INFO]	cookie: {'s52844364': 'f836u2gfrrgmfdgnti3dlgrclr'}
[2023-02-15 13:18:13]	[INFO]	6: {"code":1,"info":"สิ้นสุดการสั่งซื้อ"}
[2023-02-15 13:18:14]	[INFO]	csrf: csrf63ec7926a7aa1
[2023-02-15 13:18:14]	[INFO]	cookie: {'s52844364': '871b0i3rm1vt5602mmue059etj'}
[2023-02-15 13:18:15]	[INFO]	7: {"code":1,"info":"สิ้นสุดการสั่งซื้อ"}
[2023-02-15 13:18:16]	[INFO]	csrf: csrf63ec792834fe7
[2023-02-15 13:18:16]	[INFO]	cookie: {'s52844364': 'rdbh0qsosrt2kndjr7l1ml1lib'}
[2023-02-15 13:18:17]	[INFO]	8: {"code":1,"info":"สิ้นสุดการสั่งซื้อ"}
[2023-02-15 13:18:17]	[INFO]	csrf: csrf63ec7929b3335
[2023-02-15 13:18:17]	[INFO]	cookie: {'s52844364': '1binlc0ev986qd9lo1gvihh6mm'}
[2023-02-15 13:18:18]	[INFO]	9: {"code":1,"info":"สิ้นสุดการสั่งซื้อ"}
[2023-02-15 13:18:19]	[INFO]	csrf: csrf63ec792b3abfb
[2023-02-15 13:18:19]	[INFO]	cookie: {'s52844364': '987aee1j3mreouom2j2nsfajvi'}
[2023-02-15 13:18:20]	[INFO]	10: {"code":1,"info":"สิ้นสุดการสั่งซื้อ"}
[2023-02-15 13:18:20]	[INFO]	csrf: csrf63ec792ca7c64
[2023-02-15 13:18:20]	[INFO]	cookie: {'s52844364': 'hg648nthg84jh8q7ssotuvbuni'}
[2023-02-15 13:18:21]	[INFO]	11: {"code":1,"info":"สิ้นสุดการสั่งซื้อ"}
[2023-02-15 13:18:22]	[INFO]	csrf: csrf63ec792e286c2
[2023-02-15 13:18:22]	[INFO]	cookie: {'s52844364': '0l233mhe64a32gsbr46r2hsato'}
[2023-02-15 13:18:22]	[INFO]	12: {"code":1,"info":"สิ้นสุดการสั่งซื้อ"}
[2023-02-15 13:18:23]	[INFO]	csrf: csrf63ec792fa1880
[2023-02-15 13:18:23]	[INFO]	cookie: {'s52844364': 'nigsus6r9vv5ebl6ilkklunk85'}
[2023-02-15 13:18:24]	[INFO]	13: {"code":1,"info":"สิ้นสุดการสั่งซื้อ"}
[2023-02-15 13:18:25]	[INFO]	csrf: csrf63ec793125859
[2023-02-15 13:18:25]	[INFO]	cookie: {'s52844364': 'sjt28b2hjfk3ccmbbk06lnpsoc'}
[2023-02-15 13:18:25]	[INFO]	14: {"code":1,"info":"สิ้นสุดการสั่งซื้อ"}
[2023-02-15 13:18:26]	[INFO]	csrf: csrf63ec7932a2774
[2023-02-15 13:18:26]	[INFO]	cookie: {'s52844364': 'l6if5e6edb8bueiqvgf6j4o8kl'}
[2023-02-15 13:18:27]	[INFO]	15: {"code":1,"info":"สิ้นสุดการสั่งซื้อ"}
[2023-02-15 13:18:28]	[INFO]	csrf: csrf63ec793420c96
[2023-02-15 13:18:28]	[INFO]	cookie: {'s52844364': 'fee3i960h4707rvpnpd2vd1j23'}
[2023-02-15 13:18:28]	[INFO]	16: {"code":1,"info":"สิ้นสุดการสั่งซื้อ"}
[2023-02-15 13:18:29]	[INFO]	csrf: csrf63ec79358f8ad
[2023-02-15 13:18:29]	[INFO]	cookie: {'s52844364': '1ioq2maj4t4en563gdso21bnvb'}
[2023-02-15 13:18:30]	[INFO]	17: {"code":1,"info":"สิ้นสุดการสั่งซื้อ"}
[2023-02-15 13:18:31]	[INFO]	csrf: csrf63ec793711e2c
[2023-02-15 13:18:31]	[INFO]	cookie: {'s52844364': 'ilkvsfl3d397r2jg33m7lbpfl5'}
[2023-02-15 13:18:31]	[INFO]	18: {"code":1,"info":"สิ้นสุดการสั่งซื้อ"}
[2023-02-15 13:18:32]	[INFO]	csrf: csrf63ec793880dc1
[2023-02-15 13:18:32]	[INFO]	cookie: {'s52844364': '1ctoa20sf3uuuuakersss5ngev'}
[2023-02-15 13:18:33]	[INFO]	19: {"code":1,"info":"สิ้นสุดการสั่งซื้อ"}
[2023-02-15 13:18:34]	[INFO]	csrf: csrf63ec7939f337e
[2023-02-15 13:18:34]	[INFO]	cookie: {'s52844364': '7qoebadvqc5incr7hcmf63haec'}
[2023-02-15 13:18:34]	[INFO]	20: {"code":1,"info":"สิ้นสุดการสั่งซื้อ"}
[2023-02-15 13:18:35]	[INFO]	csrf: csrf63ec793b6fcf1
[2023-02-15 13:18:35]	[INFO]	cookie: {'s52844364': 'tfjf1c2evg79d3o50p7l11s0he'}
[2023-02-15 13:18:36]	[INFO]	21: {"code":1,"info":"สิ้นสุดการสั่งซื้อ"}
[2023-02-15 13:18:37]	[INFO]	csrf: csrf63ec793cef790
[2023-02-15 13:18:37]	[INFO]	cookie: {'s52844364': 'acm07g1g7u9062djrb66jcprqe'}
[2023-02-15 13:18:37]	[INFO]	22: {"code":1,"info":"สิ้นสุดการสั่งซื้อ"}
[2023-02-15 13:18:38]	[INFO]	csrf: csrf63ec793e7612e
[2023-02-15 13:18:38]	[INFO]	cookie: {'s52844364': 'o7qk9erfujlp03qb33olsdasqu'}
[2023-02-15 13:18:39]	[INFO]	23: {"code":1,"info":"สิ้นสุดการสั่งซื้อ"}
[2023-02-15 13:18:40]	[INFO]	csrf: csrf63ec793fecadf
[2023-02-15 13:18:40]	[INFO]	cookie: {'s52844364': '864kfot3ubfv630cf5saja0hvv'}
[2023-02-15 13:18:40]	[INFO]	24: {"code":1,"info":"สิ้นสุดการสั่งซื้อ"}
[2023-02-15 13:18:41]	[INFO]	csrf: csrf63ec79416deb2
[2023-02-15 13:18:41]	[INFO]	cookie: {'s52844364': '7smfcb5aav1f9v6qb0ha0b1c3u'}
[2023-02-15 13:18:42]	[INFO]	25: {"code":1,"info":"สิ้นสุดการสั่งซื้อ"}
